0 info it worked if it ends with ok
1 verbose cli [ 'c:\\Program Files\\nodejs\\node.exe',
1 verbose cli   'c:\\Program Files\\nodejs\\node_modules\\npm\\bin\\npm-cli.js',
1 verbose cli   'install',
1 verbose cli   'ionic-material' ]
2 info using npm@2.11.3
3 info using node@v0.12.7
4 verbose install initial load of c:\Users\Colin\Desktop\ionic-auth0\package.json
5 warn package.json lupo@1.0.0 No repository field.
6 warn package.json lupo@1.0.0 No license field.
7 verbose installManyTop reading scoped package data from c:\Users\Colin\Desktop\ionic-auth0\node_modules\bower\package.json
8 verbose installManyTop reading scoped package data from c:\Users\Colin\Desktop\ionic-auth0\node_modules\gulp\package.json
9 verbose installManyTop reading scoped package data from c:\Users\Colin\Desktop\ionic-auth0\node_modules\gulp-concat\package.json
10 verbose installManyTop reading scoped package data from c:\Users\Colin\Desktop\ionic-auth0\node_modules\gulp-minify-css\package.json
11 verbose installManyTop reading scoped package data from c:\Users\Colin\Desktop\ionic-auth0\node_modules\gulp-rename\package.json
12 verbose installManyTop reading scoped package data from c:\Users\Colin\Desktop\ionic-auth0\node_modules\gulp-sass\package.json
13 verbose installManyTop reading scoped package data from c:\Users\Colin\Desktop\ionic-auth0\node_modules\gulp-util\package.json
14 verbose installManyTop reading scoped package data from c:\Users\Colin\Desktop\ionic-auth0\node_modules\shelljs\package.json
15 info package.json shelljs@0.4.0 license should be a valid SPDX license expression
16 info package.json gulp-rename@1.2.2 No license field.
17 verbose readDependencies loading dependencies from c:\Users\Colin\Desktop\ionic-auth0\package.json
18 silly cache add args [ 'ionic-material', null ]
19 verbose cache add spec ionic-material
20 silly cache add parsed spec { raw: 'ionic-material',
20 silly cache add   scope: null,
20 silly cache add   name: 'ionic-material',
20 silly cache add   rawSpec: '',
20 silly cache add   spec: '*',
20 silly cache add   type: 'range' }
21 silly addNamed ionic-material@*
22 verbose addNamed "*" is a valid semver range for ionic-material
23 silly addNameRange { name: 'ionic-material', range: '*', hasData: false }
24 silly mapToRegistry name ionic-material
25 silly mapToRegistry using default registry
26 silly mapToRegistry registry https://registry.npmjs.org/
27 silly mapToRegistry uri https://registry.npmjs.org/ionic-material
28 verbose addNameRange registry:https://registry.npmjs.org/ionic-material not in flight; fetching
29 verbose request uri https://registry.npmjs.org/ionic-material
30 verbose request no auth needed
31 info attempt registry request try #1 at 1:17:11 PM
32 verbose request id cce066c9cef488c8
33 http request GET https://registry.npmjs.org/ionic-material
34 http 404 https://registry.npmjs.org/ionic-material
35 verbose headers { 'content-type': 'application/json',
35 verbose headers   'cache-control': 'max-age=0',
35 verbose headers   'content-length': '2',
35 verbose headers   'accept-ranges': 'bytes',
35 verbose headers   date: 'Mon, 05 Oct 2015 17:17:12 GMT',
35 verbose headers   via: '1.1 varnish',
35 verbose headers   age: '0',
35 verbose headers   connection: 'keep-alive',
35 verbose headers   'x-served-by': 'cache-ord1731-ORD',
35 verbose headers   'x-cache': 'MISS',
35 verbose headers   'x-cache-hits': '0',
35 verbose headers   'x-timer': 'S1444065431.829914,VS0,VE305' }
36 silly get cb [ 404,
36 silly get   { 'content-type': 'application/json',
36 silly get     'cache-control': 'max-age=0',
36 silly get     'content-length': '2',
36 silly get     'accept-ranges': 'bytes',
36 silly get     date: 'Mon, 05 Oct 2015 17:17:12 GMT',
36 silly get     via: '1.1 varnish',
36 silly get     age: '0',
36 silly get     connection: 'keep-alive',
36 silly get     'x-served-by': 'cache-ord1731-ORD',
36 silly get     'x-cache': 'MISS',
36 silly get     'x-cache-hits': '0',
36 silly get     'x-timer': 'S1444065431.829914,VS0,VE305' } ]
37 verbose stack Error: Registry returned 404 for GET on https://registry.npmjs.org/ionic-material
37 verbose stack     at CachingRegistryClient.<anonymous> (c:\Program Files\nodejs\node_modules\npm\node_modules\npm-registry-client\lib\request.js:239:14)
37 verbose stack     at Request._callback (c:\Program Files\nodejs\node_modules\npm\node_modules\npm-registry-client\lib\request.js:170:14)
37 verbose stack     at Request.self.callback (c:\Program Files\nodejs\node_modules\npm\node_modules\request\request.js:354:22)
37 verbose stack     at Request.emit (events.js:110:17)
37 verbose stack     at Request.<anonymous> (c:\Program Files\nodejs\node_modules\npm\node_modules\request\request.js:1207:14)
37 verbose stack     at Request.emit (events.js:129:20)
37 verbose stack     at IncomingMessage.<anonymous> (c:\Program Files\nodejs\node_modules\npm\node_modules\request\request.js:1153:12)
37 verbose stack     at IncomingMessage.emit (events.js:129:20)
37 verbose stack     at _stream_readable.js:908:16
37 verbose stack     at process._tickCallback (node.js:355:11)
38 verbose statusCode 404
39 verbose pkgid ionic-material
40 verbose cwd c:\Users\Colin\Desktop\ionic-auth0
41 error Windows_NT 6.3.9600
42 error argv "c:\\Program Files\\nodejs\\node.exe" "c:\\Program Files\\nodejs\\node_modules\\npm\\bin\\npm-cli.js" "install" "ionic-material"
43 error node v0.12.7
44 error npm  v2.11.3
45 error code E404
46 error 404 Registry returned 404 for GET on https://registry.npmjs.org/ionic-material
46 error 404
46 error 404 'ionic-material' is not in the npm registry.
46 error 404 You should bug the author to publish it (or use the name yourself!)
46 error 404 It was specified as a dependency of 'lupo'
46 error 404
46 error 404 Note that you can also install from a
46 error 404 tarball, folder, http url, or git url.
47 verbose exit [ 1, true ]
